running egg_info
creating ../../build/super_sultan_pub_sub_pkg/super_sultan_pub_sub_pkg.egg-info
writing ../../build/super_sultan_pub_sub_pkg/super_sultan_pub_sub_pkg.egg-info/PKG-INFO
writing dependency_links to ../../build/super_sultan_pub_sub_pkg/super_sultan_pub_sub_pkg.egg-info/dependency_links.txt
writing entry points to ../../build/super_sultan_pub_sub_pkg/super_sultan_pub_sub_pkg.egg-info/entry_points.txt
writing requirements to ../../build/super_sultan_pub_sub_pkg/super_sultan_pub_sub_pkg.egg-info/requires.txt
writing top-level names to ../../build/super_sultan_pub_sub_pkg/super_sultan_pub_sub_pkg.egg-info/top_level.txt
writing manifest file '../../build/super_sultan_pub_sub_pkg/super_sultan_pub_sub_pkg.egg-info/SOURCES.txt'
reading manifest file '../../build/super_sultan_pub_sub_pkg/super_sultan_pub_sub_pkg.egg-info/SOURCES.txt'
writing manifest file '../../build/super_sultan_pub_sub_pkg/super_sultan_pub_sub_pkg.egg-info/SOURCES.txt'
running build
running build_py
creating /home/sultan/ros_labs/super_sultan_ros_labs/lab_02_pub_sub/ros2_ws/build/super_sultan_pub_sub_pkg/build
creating /home/sultan/ros_labs/super_sultan_ros_labs/lab_02_pub_sub/ros2_ws/build/super_sultan_pub_sub_pkg/build/lib
creating /home/sultan/ros_labs/super_sultan_ros_labs/lab_02_pub_sub/ros2_ws/build/super_sultan_pub_sub_pkg/build/lib/super_sultan_pub_sub_pkg
copying super_sultan_pub_sub_pkg/__init__.py -> /home/sultan/ros_labs/super_sultan_ros_labs/lab_02_pub_sub/ros2_ws/build/super_sultan_pub_sub_pkg/build/lib/super_sultan_pub_sub_pkg
copying super_sultan_pub_sub_pkg/listener.py -> /home/sultan/ros_labs/super_sultan_ros_labs/lab_02_pub_sub/ros2_ws/build/super_sultan_pub_sub_pkg/build/lib/super_sultan_pub_sub_pkg
copying super_sultan_pub_sub_pkg/talker.py -> /home/sultan/ros_labs/super_sultan_ros_labs/lab_02_pub_sub/ros2_ws/build/super_sultan_pub_sub_pkg/build/lib/super_sultan_pub_sub_pkg
running install
running install_lib
creating /home/sultan/ros_labs/super_sultan_ros_labs/lab_02_pub_sub/ros2_ws/install/super_sultan_pub_sub_pkg/lib/python3.12/site-packages/super_sultan_pub_sub_pkg
copying /home/sultan/ros_labs/super_sultan_ros_labs/lab_02_pub_sub/ros2_ws/build/super_sultan_pub_sub_pkg/build/lib/super_sultan_pub_sub_pkg/__init__.py -> /home/sultan/ros_labs/super_sultan_ros_labs/lab_02_pub_sub/ros2_ws/install/super_sultan_pub_sub_pkg/lib/python3.12/site-packages/super_sultan_pub_sub_pkg
copying /home/sultan/ros_labs/super_sultan_ros_labs/lab_02_pub_sub/ros2_ws/build/super_sultan_pub_sub_pkg/build/lib/super_sultan_pub_sub_pkg/listener.py -> /home/sultan/ros_labs/super_sultan_ros_labs/lab_02_pub_sub/ros2_ws/install/super_sultan_pub_sub_pkg/lib/python3.12/site-packages/super_sultan_pub_sub_pkg
copying /home/sultan/ros_labs/super_sultan_ros_labs/lab_02_pub_sub/ros2_ws/build/super_sultan_pub_sub_pkg/build/lib/super_sultan_pub_sub_pkg/talker.py -> /home/sultan/ros_labs/super_sultan_ros_labs/lab_02_pub_sub/ros2_ws/install/super_sultan_pub_sub_pkg/lib/python3.12/site-packages/super_sultan_pub_sub_pkg
byte-compiling /home/sultan/ros_labs/super_sultan_ros_labs/lab_02_pub_sub/ros2_ws/install/super_sultan_pub_sub_pkg/lib/python3.12/site-packages/super_sultan_pub_sub_pkg/__init__.py to __init__.cpython-312.pyc
byte-compiling /home/sultan/ros_labs/super_sultan_ros_labs/lab_02_pub_sub/ros2_ws/install/super_sultan_pub_sub_pkg/lib/python3.12/site-packages/super_sultan_pub_sub_pkg/listener.py to listener.cpython-312.pyc
byte-compiling /home/sultan/ros_labs/super_sultan_ros_labs/lab_02_pub_sub/ros2_ws/install/super_sultan_pub_sub_pkg/lib/python3.12/site-packages/super_sultan_pub_sub_pkg/talker.py to talker.cpython-312.pyc
running install_data
creating /home/sultan/ros_labs/super_sultan_ros_labs/lab_02_pub_sub/ros2_ws/install/super_sultan_pub_sub_pkg/share/ament_index
creating /home/sultan/ros_labs/super_sultan_ros_labs/lab_02_pub_sub/ros2_ws/install/super_sultan_pub_sub_pkg/share/ament_index/resource_index
creating /home/sultan/ros_labs/super_sultan_ros_labs/lab_02_pub_sub/ros2_ws/install/super_sultan_pub_sub_pkg/share/ament_index/resource_index/packages
copying resource/super_sultan_pub_sub_pkg -> /home/sultan/ros_labs/super_sultan_ros_labs/lab_02_pub_sub/ros2_ws/install/super_sultan_pub_sub_pkg/share/ament_index/resource_index/packages
copying package.xml -> /home/sultan/ros_labs/super_sultan_ros_labs/lab_02_pub_sub/ros2_ws/install/super_sultan_pub_sub_pkg/share/super_sultan_pub_sub_pkg
running install_egg_info
Copying ../../build/super_sultan_pub_sub_pkg/super_sultan_pub_sub_pkg.egg-info to /home/sultan/ros_labs/super_sultan_ros_labs/lab_02_pub_sub/ros2_ws/install/super_sultan_pub_sub_pkg/lib/python3.12/site-packages/super_sultan_pub_sub_pkg-0.0.0-py3.12.egg-info
running install_scripts
Installing listener script to /home/sultan/ros_labs/super_sultan_ros_labs/lab_02_pub_sub/ros2_ws/install/super_sultan_pub_sub_pkg/lib/super_sultan_pub_sub_pkg
Installing talker script to /home/sultan/ros_labs/super_sultan_ros_labs/lab_02_pub_sub/ros2_ws/install/super_sultan_pub_sub_pkg/lib/super_sultan_pub_sub_pkg
writing list of installed files to '/home/sultan/ros_labs/super_sultan_ros_labs/lab_02_pub_sub/ros2_ws/build/super_sultan_pub_sub_pkg/install.log'
