[0.472s] Invoking command in '/home/sultan/ros_labs/super_sultan_ros_labs/lab_02_pub_sub/ros2_ws/src/super_sultan_pub_sub_pkg': DEBUGINFOD_URLS=https://debuginfod.ubuntu.com PYTHONPATH=/home/sultan/ros_labs/super_sultan_ros_labs/lab_02_pub_sub/ros2_ws/build/super_sultan_pub_sub_pkg/prefix_override:/usr/lib/python3/dist-packages/colcon_core/task/python/colcon_distutils_commands:/home/sultan/ros_labs/super_sultan_ros_labs/lab_02_pub_sub/ros2_ws/install/super_sultan_pub_sub_pkg/lib/python3.12/site-packages:${PYTHONPATH} /usr/bin/python3 -W ignore:setup.py install is deprecated -W ignore:easy_install command is deprecated setup.py egg_info --egg-base ../../build/super_sultan_pub_sub_pkg build --build-base /home/sultan/ros_labs/super_sultan_ros_labs/lab_02_pub_sub/ros2_ws/build/super_sultan_pub_sub_pkg/build install --record /home/sultan/ros_labs/super_sultan_ros_labs/lab_02_pub_sub/ros2_ws/build/super_sultan_pub_sub_pkg/install.log --single-version-externally-managed install_data
[0.628s] running egg_info
[0.628s] creating ../../build/super_sultan_pub_sub_pkg/super_sultan_pub_sub_pkg.egg-info
[0.639s] writing ../../build/super_sultan_pub_sub_pkg/super_sultan_pub_sub_pkg.egg-info/PKG-INFO
[0.639s] writing dependency_links to ../../build/super_sultan_pub_sub_pkg/super_sultan_pub_sub_pkg.egg-info/dependency_links.txt
[0.639s] writing entry points to ../../build/super_sultan_pub_sub_pkg/super_sultan_pub_sub_pkg.egg-info/entry_points.txt
[0.639s] writing requirements to ../../build/super_sultan_pub_sub_pkg/super_sultan_pub_sub_pkg.egg-info/requires.txt
[0.639s] writing top-level names to ../../build/super_sultan_pub_sub_pkg/super_sultan_pub_sub_pkg.egg-info/top_level.txt
[0.639s] writing manifest file '../../build/super_sultan_pub_sub_pkg/super_sultan_pub_sub_pkg.egg-info/SOURCES.txt'
[0.660s] reading manifest file '../../build/super_sultan_pub_sub_pkg/super_sultan_pub_sub_pkg.egg-info/SOURCES.txt'
[0.661s] writing manifest file '../../build/super_sultan_pub_sub_pkg/super_sultan_pub_sub_pkg.egg-info/SOURCES.txt'
[0.661s] running build
[0.661s] running build_py
[0.661s] creating /home/sultan/ros_labs/super_sultan_ros_labs/lab_02_pub_sub/ros2_ws/build/super_sultan_pub_sub_pkg/build
[0.661s] creating /home/sultan/ros_labs/super_sultan_ros_labs/lab_02_pub_sub/ros2_ws/build/super_sultan_pub_sub_pkg/build/lib
[0.661s] creating /home/sultan/ros_labs/super_sultan_ros_labs/lab_02_pub_sub/ros2_ws/build/super_sultan_pub_sub_pkg/build/lib/super_sultan_pub_sub_pkg
[0.661s] copying super_sultan_pub_sub_pkg/__init__.py -> /home/sultan/ros_labs/super_sultan_ros_labs/lab_02_pub_sub/ros2_ws/build/super_sultan_pub_sub_pkg/build/lib/super_sultan_pub_sub_pkg
[0.661s] copying super_sultan_pub_sub_pkg/listener.py -> /home/sultan/ros_labs/super_sultan_ros_labs/lab_02_pub_sub/ros2_ws/build/super_sultan_pub_sub_pkg/build/lib/super_sultan_pub_sub_pkg
[0.661s] copying super_sultan_pub_sub_pkg/talker.py -> /home/sultan/ros_labs/super_sultan_ros_labs/lab_02_pub_sub/ros2_ws/build/super_sultan_pub_sub_pkg/build/lib/super_sultan_pub_sub_pkg
[0.661s] running install
[0.665s] running install_lib
[0.676s] creating /home/sultan/ros_labs/super_sultan_ros_labs/lab_02_pub_sub/ros2_ws/install/super_sultan_pub_sub_pkg/lib/python3.12/site-packages/super_sultan_pub_sub_pkg
[0.676s] copying /home/sultan/ros_labs/super_sultan_ros_labs/lab_02_pub_sub/ros2_ws/build/super_sultan_pub_sub_pkg/build/lib/super_sultan_pub_sub_pkg/__init__.py -> /home/sultan/ros_labs/super_sultan_ros_labs/lab_02_pub_sub/ros2_ws/install/super_sultan_pub_sub_pkg/lib/python3.12/site-packages/super_sultan_pub_sub_pkg
[0.676s] copying /home/sultan/ros_labs/super_sultan_ros_labs/lab_02_pub_sub/ros2_ws/build/super_sultan_pub_sub_pkg/build/lib/super_sultan_pub_sub_pkg/listener.py -> /home/sultan/ros_labs/super_sultan_ros_labs/lab_02_pub_sub/ros2_ws/install/super_sultan_pub_sub_pkg/lib/python3.12/site-packages/super_sultan_pub_sub_pkg
[0.676s] copying /home/sultan/ros_labs/super_sultan_ros_labs/lab_02_pub_sub/ros2_ws/build/super_sultan_pub_sub_pkg/build/lib/super_sultan_pub_sub_pkg/talker.py -> /home/sultan/ros_labs/super_sultan_ros_labs/lab_02_pub_sub/ros2_ws/install/super_sultan_pub_sub_pkg/lib/python3.12/site-packages/super_sultan_pub_sub_pkg
[0.676s] byte-compiling /home/sultan/ros_labs/super_sultan_ros_labs/lab_02_pub_sub/ros2_ws/install/super_sultan_pub_sub_pkg/lib/python3.12/site-packages/super_sultan_pub_sub_pkg/__init__.py to __init__.cpython-312.pyc
[0.677s] byte-compiling /home/sultan/ros_labs/super_sultan_ros_labs/lab_02_pub_sub/ros2_ws/install/super_sultan_pub_sub_pkg/lib/python3.12/site-packages/super_sultan_pub_sub_pkg/listener.py to listener.cpython-312.pyc
[0.677s] byte-compiling /home/sultan/ros_labs/super_sultan_ros_labs/lab_02_pub_sub/ros2_ws/install/super_sultan_pub_sub_pkg/lib/python3.12/site-packages/super_sultan_pub_sub_pkg/talker.py to talker.cpython-312.pyc
[0.677s] running install_data
[0.677s] creating /home/sultan/ros_labs/super_sultan_ros_labs/lab_02_pub_sub/ros2_ws/install/super_sultan_pub_sub_pkg/share/ament_index
[0.678s] creating /home/sultan/ros_labs/super_sultan_ros_labs/lab_02_pub_sub/ros2_ws/install/super_sultan_pub_sub_pkg/share/ament_index/resource_index
[0.678s] creating /home/sultan/ros_labs/super_sultan_ros_labs/lab_02_pub_sub/ros2_ws/install/super_sultan_pub_sub_pkg/share/ament_index/resource_index/packages
[0.678s] copying resource/super_sultan_pub_sub_pkg -> /home/sultan/ros_labs/super_sultan_ros_labs/lab_02_pub_sub/ros2_ws/install/super_sultan_pub_sub_pkg/share/ament_index/resource_index/packages
[0.678s] copying package.xml -> /home/sultan/ros_labs/super_sultan_ros_labs/lab_02_pub_sub/ros2_ws/install/super_sultan_pub_sub_pkg/share/super_sultan_pub_sub_pkg
[0.678s] running install_egg_info
[0.689s] Copying ../../build/super_sultan_pub_sub_pkg/super_sultan_pub_sub_pkg.egg-info to /home/sultan/ros_labs/super_sultan_ros_labs/lab_02_pub_sub/ros2_ws/install/super_sultan_pub_sub_pkg/lib/python3.12/site-packages/super_sultan_pub_sub_pkg-0.0.0-py3.12.egg-info
[0.690s] running install_scripts
[0.763s] Installing listener script to /home/sultan/ros_labs/super_sultan_ros_labs/lab_02_pub_sub/ros2_ws/install/super_sultan_pub_sub_pkg/lib/super_sultan_pub_sub_pkg
[0.763s] Installing talker script to /home/sultan/ros_labs/super_sultan_ros_labs/lab_02_pub_sub/ros2_ws/install/super_sultan_pub_sub_pkg/lib/super_sultan_pub_sub_pkg
[0.763s] writing list of installed files to '/home/sultan/ros_labs/super_sultan_ros_labs/lab_02_pub_sub/ros2_ws/build/super_sultan_pub_sub_pkg/install.log'
[0.781s] Invoked command in '/home/sultan/ros_labs/super_sultan_ros_labs/lab_02_pub_sub/ros2_ws/src/super_sultan_pub_sub_pkg' returned '0': DEBUGINFOD_URLS=https://debuginfod.ubuntu.com PYTHONPATH=/home/sultan/ros_labs/super_sultan_ros_labs/lab_02_pub_sub/ros2_ws/build/super_sultan_pub_sub_pkg/prefix_override:/usr/lib/python3/dist-packages/colcon_core/task/python/colcon_distutils_commands:/home/sultan/ros_labs/super_sultan_ros_labs/lab_02_pub_sub/ros2_ws/install/super_sultan_pub_sub_pkg/lib/python3.12/site-packages:${PYTHONPATH} /usr/bin/python3 -W ignore:setup.py install is deprecated -W ignore:easy_install command is deprecated setup.py egg_info --egg-base ../../build/super_sultan_pub_sub_pkg build --build-base /home/sultan/ros_labs/super_sultan_ros_labs/lab_02_pub_sub/ros2_ws/build/super_sultan_pub_sub_pkg/build install --record /home/sultan/ros_labs/super_sultan_ros_labs/lab_02_pub_sub/ros2_ws/build/super_sultan_pub_sub_pkg/install.log --single-version-externally-managed install_data
