[0.066s] DEBUG:colcon:Command line arguments: ['/usr/bin/colcon', 'build', '--packages-select', 'super_sultan_pub_sub_pkg']
[0.066s] DEBUG:colcon:Parsed command line arguments: Namespace(log_base=None, log_level=None, verb_name='build', build_base='build', install_base='install', merge_install=False, symlink_install=False, test_result_base=None, continue_on_error=False, executor='parallel', parallel_workers=4, event_handlers=None, ignore_user_meta=False, metas=['./colcon.meta'], base_paths=['.'], packages_ignore=None, packages_ignore_regex=None, paths=None, packages_up_to=None, packages_up_to_regex=None, packages_above=None, packages_above_and_dependencies=None, packages_above_depth=None, packages_select_by_dep=None, packages_skip_by_dep=None, packages_skip_up_to=None, packages_select_build_failed=False, packages_skip_build_finished=False, packages_select_test_failures=False, packages_skip_test_passed=False, packages_select=['super_sultan_pub_sub_pkg'], packages_skip=None, packages_select_regex=None, packages_skip_regex=None, packages_start=None, packages_end=None, allow_overriding=[], cmake_args=None, cmake_target=None, cmake_target_skip_unavailable=False, cmake_clean_cache=False, cmake_clean_first=False, cmake_force_configure=False, ament_cmake_args=None, catkin_cmake_args=None, catkin_skip_building_tests=False, mixin_files=None, mixin=None, verb_parser=<colcon_mixin.mixin.mixin_argument.MixinArgumentDecorator object at 0x7422a2a558b0>, verb_extension=<colcon_core.verb.build.BuildVerb object at 0x7422a2a29670>, main=<bound method BuildVerb.main of <colcon_core.verb.build.BuildVerb object at 0x7422a2a29670>>, mixin_verb=('build',))
[0.092s] Level 1:colcon.colcon_core.package_discovery:discover_packages(colcon_meta) check parameters
[0.092s] Level 1:colcon.colcon_core.package_discovery:discover_packages(recursive) check parameters
[0.092s] Level 1:colcon.colcon_core.package_discovery:discover_packages(ignore) check parameters
[0.092s] Level 1:colcon.colcon_core.package_discovery:discover_packages(path) check parameters
[0.092s] Level 1:colcon.colcon_core.package_discovery:discover_packages(colcon_meta) discover
[0.092s] Level 1:colcon.colcon_core.package_discovery:discover_packages(recursive) discover
[0.092s] INFO:colcon.colcon_core.package_discovery:Crawling recursively for packages in '/home/sultan/ros_labs/super_sultan_ros_labs/lab_02_pub_sub/ros2_ws'
[0.092s] Level 1:colcon.colcon_core.package_identification:_identify(.) by extensions ['ignore', 'ignore_ament_install']
[0.092s] Level 1:colcon.colcon_core.package_identification:_identify(.) by extension 'ignore'
[0.092s] Level 1:colcon.colcon_core.package_identification:_identify(.) by extension 'ignore_ament_install'
[0.092s] Level 1:colcon.colcon_core.package_identification:_identify(.) by extensions ['colcon_pkg']
[0.092s] Level 1:colcon.colcon_core.package_identification:_identify(.) by extension 'colcon_pkg'
[0.092s] Level 1:colcon.colcon_core.package_identification:_identify(.) by extensions ['colcon_meta']
[0.092s] Level 1:colcon.colcon_core.package_identification:_identify(.) by extension 'colcon_meta'
[0.092s] Level 1:colcon.colcon_core.package_identification:_identify(.) by extensions ['ros']
[0.092s] Level 1:colcon.colcon_core.package_identification:_identify(.) by extension 'ros'
[0.109s] Level 1:colcon.colcon_core.package_identification:_identify(.) by extensions ['cmake', 'python']
[0.109s] Level 1:colcon.colcon_core.package_identification:_identify(.) by extension 'cmake'
[0.109s] Level 1:colcon.colcon_core.package_identification:_identify(.) by extension 'python'
[0.109s] Level 1:colcon.colcon_core.package_identification:_identify(.) by extensions ['python_setup_py']
[0.109s] Level 1:colcon.colcon_core.package_identification:_identify(.) by extension 'python_setup_py'
[0.109s] Level 1:colcon.colcon_core.package_identification:_identify(build) by extensions ['ignore', 'ignore_ament_install']
[0.110s] Level 1:colcon.colcon_core.package_identification:_identify(build) by extension 'ignore'
[0.110s] Level 1:colcon.colcon_core.package_identification:_identify(build) ignored
[0.110s] Level 1:colcon.colcon_core.package_identification:_identify(install) by extensions ['ignore', 'ignore_ament_install']
[0.110s] Level 1:colcon.colcon_core.package_identification:_identify(install) by extension 'ignore'
[0.110s] Level 1:colcon.colcon_core.package_identification:_identify(install) ignored
[0.110s] Level 1:colcon.colcon_core.package_identification:_identify(log) by extensions ['ignore', 'ignore_ament_install']
[0.110s] Level 1:colcon.colcon_core.package_identification:_identify(log) by extension 'ignore'
[0.110s] Level 1:colcon.colcon_core.package_identification:_identify(log) ignored
[0.110s] Level 1:colcon.colcon_core.package_identification:_identify(src) by extensions ['ignore', 'ignore_ament_install']
[0.110s] Level 1:colcon.colcon_core.package_identification:_identify(src) by extension 'ignore'
[0.110s] Level 1:colcon.colcon_core.package_identification:_identify(src) by extension 'ignore_ament_install'
[0.110s] Level 1:colcon.colcon_core.package_identification:_identify(src) by extensions ['colcon_pkg']
[0.110s] Level 1:colcon.colcon_core.package_identification:_identify(src) by extension 'colcon_pkg'
[0.110s] Level 1:colcon.colcon_core.package_identification:_identify(src) by extensions ['colcon_meta']
[0.110s] Level 1:colcon.colcon_core.package_identification:_identify(src) by extension 'colcon_meta'
[0.110s] Level 1:colcon.colcon_core.package_identification:_identify(src) by extensions ['ros']
[0.110s] Level 1:colcon.colcon_core.package_identification:_identify(src) by extension 'ros'
[0.110s] Level 1:colcon.colcon_core.package_identification:_identify(src) by extensions ['cmake', 'python']
[0.110s] Level 1:colcon.colcon_core.package_identification:_identify(src) by extension 'cmake'
[0.110s] Level 1:colcon.colcon_core.package_identification:_identify(src) by extension 'python'
[0.110s] Level 1:colcon.colcon_core.package_identification:_identify(src) by extensions ['python_setup_py']
[0.110s] Level 1:colcon.colcon_core.package_identification:_identify(src) by extension 'python_setup_py'
[0.110s] Level 1:colcon.colcon_core.package_identification:_identify(src/super_sultan_pub_sub_pkg) by extensions ['ignore', 'ignore_ament_install']
[0.110s] Level 1:colcon.colcon_core.package_identification:_identify(src/super_sultan_pub_sub_pkg) by extension 'ignore'
[0.110s] Level 1:colcon.colcon_core.package_identification:_identify(src/super_sultan_pub_sub_pkg) by extension 'ignore_ament_install'
[0.110s] Level 1:colcon.colcon_core.package_identification:_identify(src/super_sultan_pub_sub_pkg) by extensions ['colcon_pkg']
[0.110s] Level 1:colcon.colcon_core.package_identification:_identify(src/super_sultan_pub_sub_pkg) by extension 'colcon_pkg'
[0.110s] Level 1:colcon.colcon_core.package_identification:_identify(src/super_sultan_pub_sub_pkg) by extensions ['colcon_meta']
[0.110s] Level 1:colcon.colcon_core.package_identification:_identify(src/super_sultan_pub_sub_pkg) by extension 'colcon_meta'
[0.110s] Level 1:colcon.colcon_core.package_identification:_identify(src/super_sultan_pub_sub_pkg) by extensions ['ros']
[0.110s] Level 1:colcon.colcon_core.package_identification:_identify(src/super_sultan_pub_sub_pkg) by extension 'ros'
[0.112s] DEBUG:colcon.colcon_core.package_identification:Package 'src/super_sultan_pub_sub_pkg' with type 'ros.ament_python' and name 'super_sultan_pub_sub_pkg'
[0.112s] Level 1:colcon.colcon_core.package_discovery:discover_packages(recursive) using defaults
[0.112s] Level 1:colcon.colcon_core.package_discovery:discover_packages(ignore) discover
[0.112s] Level 1:colcon.colcon_core.package_discovery:discover_packages(ignore) using defaults
[0.112s] Level 1:colcon.colcon_core.package_discovery:discover_packages(path) discover
[0.113s] Level 1:colcon.colcon_core.package_discovery:discover_packages(path) using defaults
[0.124s] Level 1:colcon.colcon_core.package_discovery:discover_packages(prefix_path) check parameters
[0.124s] Level 1:colcon.colcon_core.package_discovery:discover_packages(prefix_path) discover
[0.125s] DEBUG:colcon.colcon_installed_package_information.package_discovery:Found 1 installed packages in /home/sultan/ros_labs/super_sultan_ros_labs/lab_02_pub_sub/ros2_ws/install
[0.126s] DEBUG:colcon.colcon_installed_package_information.package_discovery:Found 286 installed packages in /opt/ros/jazzy
[0.126s] Level 1:colcon.colcon_core.package_discovery:discover_packages(prefix_path) using defaults
[0.150s] Level 5:colcon.colcon_core.verb:set package 'super_sultan_pub_sub_pkg' build argument 'cmake_args' from command line to 'None'
[0.150s] Level 5:colcon.colcon_core.verb:set package 'super_sultan_pub_sub_pkg' build argument 'cmake_target' from command line to 'None'
[0.150s] Level 5:colcon.colcon_core.verb:set package 'super_sultan_pub_sub_pkg' build argument 'cmake_target_skip_unavailable' from command line to 'False'
[0.150s] Level 5:colcon.colcon_core.verb:set package 'super_sultan_pub_sub_pkg' build argument 'cmake_clean_cache' from command line to 'False'
[0.150s] Level 5:colcon.colcon_core.verb:set package 'super_sultan_pub_sub_pkg' build argument 'cmake_clean_first' from command line to 'False'
[0.150s] Level 5:colcon.colcon_core.verb:set package 'super_sultan_pub_sub_pkg' build argument 'cmake_force_configure' from command line to 'False'
[0.150s] Level 5:colcon.colcon_core.verb:set package 'super_sultan_pub_sub_pkg' build argument 'ament_cmake_args' from command line to 'None'
[0.150s] Level 5:colcon.colcon_core.verb:set package 'super_sultan_pub_sub_pkg' build argument 'catkin_cmake_args' from command line to 'None'
[0.150s] Level 5:colcon.colcon_core.verb:set package 'super_sultan_pub_sub_pkg' build argument 'catkin_skip_building_tests' from command line to 'False'
[0.150s] DEBUG:colcon.colcon_core.verb:Building package 'super_sultan_pub_sub_pkg' with the following arguments: {'ament_cmake_args': None, 'build_base': '/home/sultan/ros_labs/super_sultan_ros_labs/lab_02_pub_sub/ros2_ws/build/super_sultan_pub_sub_pkg', 'catkin_cmake_args': None, 'catkin_skip_building_tests': False, 'cmake_args': None, 'cmake_clean_cache': False, 'cmake_clean_first': False, 'cmake_force_configure': False, 'cmake_target': None, 'cmake_target_skip_unavailable': False, 'install_base': '/home/sultan/ros_labs/super_sultan_ros_labs/lab_02_pub_sub/ros2_ws/install/super_sultan_pub_sub_pkg', 'merge_install': False, 'path': '/home/sultan/ros_labs/super_sultan_ros_labs/lab_02_pub_sub/ros2_ws/src/super_sultan_pub_sub_pkg', 'symlink_install': False, 'test_result_base': None}
[0.150s] INFO:colcon.colcon_core.executor:Executing jobs using 'parallel' executor
[0.150s] DEBUG:colcon.colcon_parallel_executor.executor.parallel:run_until_complete
[0.151s] INFO:colcon.colcon_ros.task.ament_python.build:Building ROS package in '/home/sultan/ros_labs/super_sultan_ros_labs/lab_02_pub_sub/ros2_ws/src/super_sultan_pub_sub_pkg' with build type 'ament_python'
[0.151s] Level 1:colcon.colcon_core.shell:create_environment_hook('super_sultan_pub_sub_pkg', 'ament_prefix_path')
[0.152s] INFO:colcon.colcon_core.plugin_system:Skipping extension 'colcon_core.shell.bat': Not used on non-Windows systems
[0.152s] INFO:colcon.colcon_core.shell:Creating environment hook '/home/sultan/ros_labs/super_sultan_ros_labs/lab_02_pub_sub/ros2_ws/install/super_sultan_pub_sub_pkg/share/super_sultan_pub_sub_pkg/hook/ament_prefix_path.ps1'
[0.153s] INFO:colcon.colcon_core.shell:Creating environment descriptor '/home/sultan/ros_labs/super_sultan_ros_labs/lab_02_pub_sub/ros2_ws/install/super_sultan_pub_sub_pkg/share/super_sultan_pub_sub_pkg/hook/ament_prefix_path.dsv'
[0.153s] INFO:colcon.colcon_core.shell:Creating environment hook '/home/sultan/ros_labs/super_sultan_ros_labs/lab_02_pub_sub/ros2_ws/install/super_sultan_pub_sub_pkg/share/super_sultan_pub_sub_pkg/hook/ament_prefix_path.sh'
[0.154s] INFO:colcon.colcon_core.shell:Skip shell extension 'powershell' for command environment: Not usable outside of PowerShell
[0.154s] DEBUG:colcon.colcon_core.shell:Skip shell extension 'dsv' for command environment
[0.288s] INFO:colcon.colcon_core.task.python.build:Building Python package in '/home/sultan/ros_labs/super_sultan_ros_labs/lab_02_pub_sub/ros2_ws/src/super_sultan_pub_sub_pkg'
[0.288s] INFO:colcon.colcon_core.shell:Skip shell extension 'powershell' for command environment: Not usable outside of PowerShell
[0.288s] DEBUG:colcon.colcon_core.shell:Skip shell extension 'dsv' for command environment
[0.621s] DEBUG:colcon.colcon_core.event_handler.log_command:Invoking command in '/home/sultan/ros_labs/super_sultan_ros_labs/lab_02_pub_sub/ros2_ws/src/super_sultan_pub_sub_pkg': DEBUGINFOD_URLS=https://debuginfod.ubuntu.com PYTHONPATH=/home/sultan/ros_labs/super_sultan_ros_labs/lab_02_pub_sub/ros2_ws/build/super_sultan_pub_sub_pkg/prefix_override:/usr/lib/python3/dist-packages/colcon_core/task/python/colcon_distutils_commands:/home/sultan/ros_labs/super_sultan_ros_labs/lab_02_pub_sub/ros2_ws/install/super_sultan_pub_sub_pkg/lib/python3.12/site-packages:${PYTHONPATH} /usr/bin/python3 -W ignore:setup.py install is deprecated -W ignore:easy_install command is deprecated setup.py egg_info --egg-base ../../build/super_sultan_pub_sub_pkg build --build-base /home/sultan/ros_labs/super_sultan_ros_labs/lab_02_pub_sub/ros2_ws/build/super_sultan_pub_sub_pkg/build install --record /home/sultan/ros_labs/super_sultan_ros_labs/lab_02_pub_sub/ros2_ws/build/super_sultan_pub_sub_pkg/install.log --single-version-externally-managed install_data
[0.935s] DEBUG:colcon.colcon_core.event_handler.log_command:Invoked command in '/home/sultan/ros_labs/super_sultan_ros_labs/lab_02_pub_sub/ros2_ws/src/super_sultan_pub_sub_pkg' returned '0': DEBUGINFOD_URLS=https://debuginfod.ubuntu.com PYTHONPATH=/home/sultan/ros_labs/super_sultan_ros_labs/lab_02_pub_sub/ros2_ws/build/super_sultan_pub_sub_pkg/prefix_override:/usr/lib/python3/dist-packages/colcon_core/task/python/colcon_distutils_commands:/home/sultan/ros_labs/super_sultan_ros_labs/lab_02_pub_sub/ros2_ws/install/super_sultan_pub_sub_pkg/lib/python3.12/site-packages:${PYTHONPATH} /usr/bin/python3 -W ignore:setup.py install is deprecated -W ignore:easy_install command is deprecated setup.py egg_info --egg-base ../../build/super_sultan_pub_sub_pkg build --build-base /home/sultan/ros_labs/super_sultan_ros_labs/lab_02_pub_sub/ros2_ws/build/super_sultan_pub_sub_pkg/build install --record /home/sultan/ros_labs/super_sultan_ros_labs/lab_02_pub_sub/ros2_ws/build/super_sultan_pub_sub_pkg/install.log --single-version-externally-managed install_data
[0.937s] Level 1:colcon.colcon_core.environment:checking '/home/sultan/ros_labs/super_sultan_ros_labs/lab_02_pub_sub/ros2_ws/install/super_sultan_pub_sub_pkg' for CMake module files
[0.937s] Level 1:colcon.colcon_core.environment:checking '/home/sultan/ros_labs/super_sultan_ros_labs/lab_02_pub_sub/ros2_ws/install/super_sultan_pub_sub_pkg' for CMake config files
[0.937s] Level 1:colcon.colcon_core.environment:checking '/home/sultan/ros_labs/super_sultan_ros_labs/lab_02_pub_sub/ros2_ws/install/super_sultan_pub_sub_pkg/lib'
[0.937s] Level 1:colcon.colcon_core.environment:checking '/home/sultan/ros_labs/super_sultan_ros_labs/lab_02_pub_sub/ros2_ws/install/super_sultan_pub_sub_pkg/bin'
[0.937s] Level 1:colcon.colcon_core.environment:checking '/home/sultan/ros_labs/super_sultan_ros_labs/lab_02_pub_sub/ros2_ws/install/super_sultan_pub_sub_pkg/lib/pkgconfig/super_sultan_pub_sub_pkg.pc'
[0.938s] Level 1:colcon.colcon_core.environment:checking '/home/sultan/ros_labs/super_sultan_ros_labs/lab_02_pub_sub/ros2_ws/install/super_sultan_pub_sub_pkg/lib/python3.12/site-packages'
[0.938s] Level 1:colcon.colcon_core.shell:create_environment_hook('super_sultan_pub_sub_pkg', 'pythonpath')
[0.938s] INFO:colcon.colcon_core.shell:Creating environment hook '/home/sultan/ros_labs/super_sultan_ros_labs/lab_02_pub_sub/ros2_ws/install/super_sultan_pub_sub_pkg/share/super_sultan_pub_sub_pkg/hook/pythonpath.ps1'
[0.938s] INFO:colcon.colcon_core.shell:Creating environment descriptor '/home/sultan/ros_labs/super_sultan_ros_labs/lab_02_pub_sub/ros2_ws/install/super_sultan_pub_sub_pkg/share/super_sultan_pub_sub_pkg/hook/pythonpath.dsv'
[0.938s] INFO:colcon.colcon_core.shell:Creating environment hook '/home/sultan/ros_labs/super_sultan_ros_labs/lab_02_pub_sub/ros2_ws/install/super_sultan_pub_sub_pkg/share/super_sultan_pub_sub_pkg/hook/pythonpath.sh'
[0.939s] Level 1:colcon.colcon_core.environment:checking '/home/sultan/ros_labs/super_sultan_ros_labs/lab_02_pub_sub/ros2_ws/install/super_sultan_pub_sub_pkg/bin'
[0.939s] Level 1:colcon.colcon_core.environment:create_environment_scripts_only(super_sultan_pub_sub_pkg)
[0.939s] INFO:colcon.colcon_core.shell:Creating package script '/home/sultan/ros_labs/super_sultan_ros_labs/lab_02_pub_sub/ros2_ws/install/super_sultan_pub_sub_pkg/share/super_sultan_pub_sub_pkg/package.ps1'
[0.939s] INFO:colcon.colcon_core.shell:Creating package descriptor '/home/sultan/ros_labs/super_sultan_ros_labs/lab_02_pub_sub/ros2_ws/install/super_sultan_pub_sub_pkg/share/super_sultan_pub_sub_pkg/package.dsv'
[0.940s] INFO:colcon.colcon_core.shell:Creating package script '/home/sultan/ros_labs/super_sultan_ros_labs/lab_02_pub_sub/ros2_ws/install/super_sultan_pub_sub_pkg/share/super_sultan_pub_sub_pkg/package.sh'
[0.940s] INFO:colcon.colcon_core.shell:Creating package script '/home/sultan/ros_labs/super_sultan_ros_labs/lab_02_pub_sub/ros2_ws/install/super_sultan_pub_sub_pkg/share/super_sultan_pub_sub_pkg/package.bash'
[0.941s] INFO:colcon.colcon_core.shell:Creating package script '/home/sultan/ros_labs/super_sultan_ros_labs/lab_02_pub_sub/ros2_ws/install/super_sultan_pub_sub_pkg/share/super_sultan_pub_sub_pkg/package.zsh'
[0.941s] Level 1:colcon.colcon_core.environment:create_file_with_runtime_dependencies(/home/sultan/ros_labs/super_sultan_ros_labs/lab_02_pub_sub/ros2_ws/install/super_sultan_pub_sub_pkg/share/colcon-core/packages/super_sultan_pub_sub_pkg)
[0.941s] DEBUG:colcon.colcon_parallel_executor.executor.parallel:closing loop
[0.942s] DEBUG:colcon.colcon_parallel_executor.executor.parallel:loop closed
[0.942s] DEBUG:colcon.colcon_parallel_executor.executor.parallel:run_until_complete finished with '0'
[0.942s] DEBUG:colcon.colcon_core.event_reactor:joining thread
[0.945s] INFO:colcon.colcon_core.plugin_system:Skipping extension 'colcon_notification.desktop_notification.terminal_notifier': Not used on non-Darwin systems
[0.945s] INFO:colcon.colcon_core.plugin_system:Skipping extension 'colcon_notification.desktop_notification.win32': Not used on non-Windows systems
[0.945s] INFO:colcon.colcon_notification.desktop_notification:Sending desktop notification using 'notify2'
[0.958s] DEBUG:colcon.colcon_core.event_reactor:joined thread
[0.958s] INFO:colcon.colcon_core.shell:Creating prefix script '/home/sultan/ros_labs/super_sultan_ros_labs/lab_02_pub_sub/ros2_ws/install/local_setup.ps1'
[0.958s] INFO:colcon.colcon_core.shell:Creating prefix util module '/home/sultan/ros_labs/super_sultan_ros_labs/lab_02_pub_sub/ros2_ws/install/_local_setup_util_ps1.py'
[0.959s] INFO:colcon.colcon_core.shell:Creating prefix chain script '/home/sultan/ros_labs/super_sultan_ros_labs/lab_02_pub_sub/ros2_ws/install/setup.ps1'
[0.960s] INFO:colcon.colcon_core.shell:Creating prefix script '/home/sultan/ros_labs/super_sultan_ros_labs/lab_02_pub_sub/ros2_ws/install/local_setup.sh'
[0.960s] INFO:colcon.colcon_core.shell:Creating prefix util module '/home/sultan/ros_labs/super_sultan_ros_labs/lab_02_pub_sub/ros2_ws/install/_local_setup_util_sh.py'
[0.960s] INFO:colcon.colcon_core.shell:Creating prefix chain script '/home/sultan/ros_labs/super_sultan_ros_labs/lab_02_pub_sub/ros2_ws/install/setup.sh'
[0.961s] INFO:colcon.colcon_core.shell:Creating prefix script '/home/sultan/ros_labs/super_sultan_ros_labs/lab_02_pub_sub/ros2_ws/install/local_setup.bash'
[0.961s] INFO:colcon.colcon_core.shell:Creating prefix chain script '/home/sultan/ros_labs/super_sultan_ros_labs/lab_02_pub_sub/ros2_ws/install/setup.bash'
[0.961s] INFO:colcon.colcon_core.shell:Creating prefix script '/home/sultan/ros_labs/super_sultan_ros_labs/lab_02_pub_sub/ros2_ws/install/local_setup.zsh'
[0.962s] INFO:colcon.colcon_core.shell:Creating prefix chain script '/home/sultan/ros_labs/super_sultan_ros_labs/lab_02_pub_sub/ros2_ws/install/setup.zsh'
