running egg_info
writing ../../build/super_sultan_launch_pkg/super_sultan_launch_pkg.egg-info/PKG-INFO
writing dependency_links to ../../build/super_sultan_launch_pkg/super_sultan_launch_pkg.egg-info/dependency_links.txt
writing entry points to ../../build/super_sultan_launch_pkg/super_sultan_launch_pkg.egg-info/entry_points.txt
writing requirements to ../../build/super_sultan_launch_pkg/super_sultan_launch_pkg.egg-info/requires.txt
writing top-level names to ../../build/super_sultan_launch_pkg/super_sultan_launch_pkg.egg-info/top_level.txt
reading manifest file '../../build/super_sultan_launch_pkg/super_sultan_launch_pkg.egg-info/SOURCES.txt'
writing manifest file '../../build/super_sultan_launch_pkg/super_sultan_launch_pkg.egg-info/SOURCES.txt'
running build
running build_py
running install
running install_lib
running install_data
copying launch/robot_system.launch.py -> /home/sultan/ros_labs/super_sultan_ros_labs/lab_03_launch_params/ros2_ws/install/super_sultan_launch_pkg/share/super_sultan_launch_pkg/launch
running install_egg_info
removing '/home/sultan/ros_labs/super_sultan_ros_labs/lab_03_launch_params/ros2_ws/install/super_sultan_launch_pkg/lib/python3.12/site-packages/super_sultan_launch_pkg-0.0.0-py3.12.egg-info' (and everything under it)
Copying ../../build/super_sultan_launch_pkg/super_sultan_launch_pkg.egg-info to /home/sultan/ros_labs/super_sultan_ros_labs/lab_03_launch_params/ros2_ws/install/super_sultan_launch_pkg/lib/python3.12/site-packages/super_sultan_launch_pkg-0.0.0-py3.12.egg-info
running install_scripts
Installing even_number_publisher script to /home/sultan/ros_labs/super_sultan_ros_labs/lab_03_launch_params/ros2_ws/install/super_sultan_launch_pkg/lib/super_sultan_launch_pkg
Installing overflow_listener script to /home/sultan/ros_labs/super_sultan_ros_labs/lab_03_launch_params/ros2_ws/install/super_sultan_launch_pkg/lib/super_sultan_launch_pkg
writing list of installed files to '/home/sultan/ros_labs/super_sultan_ros_labs/lab_03_launch_params/ros2_ws/build/super_sultan_launch_pkg/install.log'
