/home/sultan/ros_labs/super_sultan_ros_labs/lab_02_pub_sub/ros2_ws/install/super_sultan_pub_sub_pkg/lib/python3.12/site-packages/super_sultan_pub_sub_pkg/even_number_publisher.py
/home/sultan/ros_labs/super_sultan_ros_labs/lab_02_pub_sub/ros2_ws/install/super_sultan_pub_sub_pkg/lib/python3.12/site-packages/super_sultan_pub_sub_pkg/overflow_listener.py
/home/sultan/ros_labs/super_sultan_ros_labs/lab_02_pub_sub/ros2_ws/install/super_sultan_pub_sub_pkg/lib/python3.12/site-packages/super_sultan_pub_sub_pkg/__init__.py
/home/sultan/ros_labs/super_sultan_ros_labs/lab_02_pub_sub/ros2_ws/install/super_sultan_pub_sub_pkg/lib/python3.12/site-packages/super_sultan_pub_sub_pkg/listener.py
/home/sultan/ros_labs/super_sultan_ros_labs/lab_02_pub_sub/ros2_ws/install/super_sultan_pub_sub_pkg/lib/python3.12/site-packages/super_sultan_pub_sub_pkg/talker.py
/home/sultan/ros_labs/super_sultan_ros_labs/lab_02_pub_sub/ros2_ws/install/super_sultan_pub_sub_pkg/lib/python3.12/site-packages/super_sultan_pub_sub_pkg/__pycache__/even_number_publisher.cpython-312.pyc
/home/sultan/ros_labs/super_sultan_ros_labs/lab_02_pub_sub/ros2_ws/install/super_sultan_pub_sub_pkg/lib/python3.12/site-packages/super_sultan_pub_sub_pkg/__pycache__/overflow_listener.cpython-312.pyc
/home/sultan/ros_labs/super_sultan_ros_labs/lab_02_pub_sub/ros2_ws/install/super_sultan_pub_sub_pkg/lib/python3.12/site-packages/super_sultan_pub_sub_pkg/__pycache__/__init__.cpython-312.pyc
/home/sultan/ros_labs/super_sultan_ros_labs/lab_02_pub_sub/ros2_ws/install/super_sultan_pub_sub_pkg/lib/python3.12/site-packages/super_sultan_pub_sub_pkg/__pycache__/listener.cpython-312.pyc
/home/sultan/ros_labs/super_sultan_ros_labs/lab_02_pub_sub/ros2_ws/install/super_sultan_pub_sub_pkg/lib/python3.12/site-packages/super_sultan_pub_sub_pkg/__pycache__/talker.cpython-312.pyc
/home/sultan/ros_labs/super_sultan_ros_labs/lab_02_pub_sub/ros2_ws/install/super_sultan_pub_sub_pkg/share/ament_index/resource_index/packages/super_sultan_pub_sub_pkg
/home/sultan/ros_labs/super_sultan_ros_labs/lab_02_pub_sub/ros2_ws/install/super_sultan_pub_sub_pkg/share/super_sultan_pub_sub_pkg/package.xml
/home/sultan/ros_labs/super_sultan_ros_labs/lab_02_pub_sub/ros2_ws/install/super_sultan_pub_sub_pkg/lib/python3.12/site-packages/super_sultan_pub_sub_pkg-0.0.0-py3.12.egg-info/PKG-INFO
/home/sultan/ros_labs/super_sultan_ros_labs/lab_02_pub_sub/ros2_ws/install/super_sultan_pub_sub_pkg/lib/python3.12/site-packages/super_sultan_pub_sub_pkg-0.0.0-py3.12.egg-info/top_level.txt
/home/sultan/ros_labs/super_sultan_ros_labs/lab_02_pub_sub/ros2_ws/install/super_sultan_pub_sub_pkg/lib/python3.12/site-packages/super_sultan_pub_sub_pkg-0.0.0-py3.12.egg-info/entry_points.txt
/home/sultan/ros_labs/super_sultan_ros_labs/lab_02_pub_sub/ros2_ws/install/super_sultan_pub_sub_pkg/lib/python3.12/site-packages/super_sultan_pub_sub_pkg-0.0.0-py3.12.egg-info/requires.txt
/home/sultan/ros_labs/super_sultan_ros_labs/lab_02_pub_sub/ros2_ws/install/super_sultan_pub_sub_pkg/lib/python3.12/site-packages/super_sultan_pub_sub_pkg-0.0.0-py3.12.egg-info/zip-safe
/home/sultan/ros_labs/super_sultan_ros_labs/lab_02_pub_sub/ros2_ws/install/super_sultan_pub_sub_pkg/lib/python3.12/site-packages/super_sultan_pub_sub_pkg-0.0.0-py3.12.egg-info/SOURCES.txt
/home/sultan/ros_labs/super_sultan_ros_labs/lab_02_pub_sub/ros2_ws/install/super_sultan_pub_sub_pkg/lib/python3.12/site-packages/super_sultan_pub_sub_pkg-0.0.0-py3.12.egg-info/dependency_links.txt
/home/sultan/ros_labs/super_sultan_ros_labs/lab_02_pub_sub/ros2_ws/install/super_sultan_pub_sub_pkg/lib/super_sultan_pub_sub_pkg/even_pub
/home/sultan/ros_labs/super_sultan_ros_labs/lab_02_pub_sub/ros2_ws/install/super_sultan_pub_sub_pkg/lib/super_sultan_pub_sub_pkg/listener
/home/sultan/ros_labs/super_sultan_ros_labs/lab_02_pub_sub/ros2_ws/install/super_sultan_pub_sub_pkg/lib/super_sultan_pub_sub_pkg/overflow_listener
/home/sultan/ros_labs/super_sultan_ros_labs/lab_02_pub_sub/ros2_ws/install/super_sultan_pub_sub_pkg/lib/super_sultan_pub_sub_pkg/talker
