[0.473s] Invoking command in '/home/sultan/ros_labs/super_sultan_ros_labs/lab_03_launch_params/ros2_ws/src/super_sultan_launch_pkg': DEBUGINFOD_URLS=https://debuginfod.ubuntu.com PYTHONPATH=/home/sultan/ros_labs/super_sultan_ros_labs/lab_03_launch_params/ros2_ws/build/super_sultan_launch_pkg/prefix_override:/usr/lib/python3/dist-packages/colcon_core/task/python/colcon_distutils_commands:/home/sultan/ros_labs/super_sultan_ros_labs/lab_03_launch_params/ros2_ws/install/super_sultan_launch_pkg/lib/python3.12/site-packages:${PYTHONPATH} /usr/bin/python3 -W ignore:setup.py install is deprecated -W ignore:easy_install command is deprecated setup.py egg_info --egg-base ../../build/super_sultan_launch_pkg build --build-base /home/sultan/ros_labs/super_sultan_ros_labs/lab_03_launch_params/ros2_ws/build/super_sultan_launch_pkg/build install --record /home/sultan/ros_labs/super_sultan_ros_labs/lab_03_launch_params/ros2_ws/build/super_sultan_launch_pkg/install.log --single-version-externally-managed install_data
[0.630s] running egg_info
[0.630s] creating ../../build/super_sultan_launch_pkg/super_sultan_launch_pkg.egg-info
[0.640s] writing ../../build/super_sultan_launch_pkg/super_sultan_launch_pkg.egg-info/PKG-INFO
[0.640s] writing dependency_links to ../../build/super_sultan_launch_pkg/super_sultan_launch_pkg.egg-info/dependency_links.txt
[0.641s] writing entry points to ../../build/super_sultan_launch_pkg/super_sultan_launch_pkg.egg-info/entry_points.txt
[0.641s] writing requirements to ../../build/super_sultan_launch_pkg/super_sultan_launch_pkg.egg-info/requires.txt
[0.641s] writing top-level names to ../../build/super_sultan_launch_pkg/super_sultan_launch_pkg.egg-info/top_level.txt
[0.641s] writing manifest file '../../build/super_sultan_launch_pkg/super_sultan_launch_pkg.egg-info/SOURCES.txt'
[0.662s] reading manifest file '../../build/super_sultan_launch_pkg/super_sultan_launch_pkg.egg-info/SOURCES.txt'
[0.662s] writing manifest file '../../build/super_sultan_launch_pkg/super_sultan_launch_pkg.egg-info/SOURCES.txt'
[0.663s] running build
[0.663s] running build_py
[0.663s] creating /home/sultan/ros_labs/super_sultan_ros_labs/lab_03_launch_params/ros2_ws/build/super_sultan_launch_pkg/build
[0.663s] creating /home/sultan/ros_labs/super_sultan_ros_labs/lab_03_launch_params/ros2_ws/build/super_sultan_launch_pkg/build/lib
[0.663s] creating /home/sultan/ros_labs/super_sultan_ros_labs/lab_03_launch_params/ros2_ws/build/super_sultan_launch_pkg/build/lib/super_sultan_launch_pkg
[0.663s] copying super_sultan_launch_pkg/even_number_publisher.py -> /home/sultan/ros_labs/super_sultan_ros_labs/lab_03_launch_params/ros2_ws/build/super_sultan_launch_pkg/build/lib/super_sultan_launch_pkg
[0.663s] copying super_sultan_launch_pkg/overflow_listener.py -> /home/sultan/ros_labs/super_sultan_ros_labs/lab_03_launch_params/ros2_ws/build/super_sultan_launch_pkg/build/lib/super_sultan_launch_pkg
[0.663s] copying super_sultan_launch_pkg/__init__.py -> /home/sultan/ros_labs/super_sultan_ros_labs/lab_03_launch_params/ros2_ws/build/super_sultan_launch_pkg/build/lib/super_sultan_launch_pkg
[0.663s] running install
[0.667s] running install_lib
[0.678s] creating /home/sultan/ros_labs/super_sultan_ros_labs/lab_03_launch_params/ros2_ws/install/super_sultan_launch_pkg/lib/python3.12/site-packages/super_sultan_launch_pkg
[0.678s] copying /home/sultan/ros_labs/super_sultan_ros_labs/lab_03_launch_params/ros2_ws/build/super_sultan_launch_pkg/build/lib/super_sultan_launch_pkg/even_number_publisher.py -> /home/sultan/ros_labs/super_sultan_ros_labs/lab_03_launch_params/ros2_ws/install/super_sultan_launch_pkg/lib/python3.12/site-packages/super_sultan_launch_pkg
[0.678s] copying /home/sultan/ros_labs/super_sultan_ros_labs/lab_03_launch_params/ros2_ws/build/super_sultan_launch_pkg/build/lib/super_sultan_launch_pkg/overflow_listener.py -> /home/sultan/ros_labs/super_sultan_ros_labs/lab_03_launch_params/ros2_ws/install/super_sultan_launch_pkg/lib/python3.12/site-packages/super_sultan_launch_pkg
[0.678s] copying /home/sultan/ros_labs/super_sultan_ros_labs/lab_03_launch_params/ros2_ws/build/super_sultan_launch_pkg/build/lib/super_sultan_launch_pkg/__init__.py -> /home/sultan/ros_labs/super_sultan_ros_labs/lab_03_launch_params/ros2_ws/install/super_sultan_launch_pkg/lib/python3.12/site-packages/super_sultan_launch_pkg
[0.678s] byte-compiling /home/sultan/ros_labs/super_sultan_ros_labs/lab_03_launch_params/ros2_ws/install/super_sultan_launch_pkg/lib/python3.12/site-packages/super_sultan_launch_pkg/even_number_publisher.py to even_number_publisher.cpython-312.pyc
[0.679s] byte-compiling /home/sultan/ros_labs/super_sultan_ros_labs/lab_03_launch_params/ros2_ws/install/super_sultan_launch_pkg/lib/python3.12/site-packages/super_sultan_launch_pkg/overflow_listener.py to overflow_listener.cpython-312.pyc
[0.679s] byte-compiling /home/sultan/ros_labs/super_sultan_ros_labs/lab_03_launch_params/ros2_ws/install/super_sultan_launch_pkg/lib/python3.12/site-packages/super_sultan_launch_pkg/__init__.py to __init__.cpython-312.pyc
[0.679s] running install_data
[0.679s] creating /home/sultan/ros_labs/super_sultan_ros_labs/lab_03_launch_params/ros2_ws/install/super_sultan_launch_pkg/share/ament_index
[0.680s] creating /home/sultan/ros_labs/super_sultan_ros_labs/lab_03_launch_params/ros2_ws/install/super_sultan_launch_pkg/share/ament_index/resource_index
[0.680s] creating /home/sultan/ros_labs/super_sultan_ros_labs/lab_03_launch_params/ros2_ws/install/super_sultan_launch_pkg/share/ament_index/resource_index/packages
[0.680s] copying resource/super_sultan_launch_pkg -> /home/sultan/ros_labs/super_sultan_ros_labs/lab_03_launch_params/ros2_ws/install/super_sultan_launch_pkg/share/ament_index/resource_index/packages
[0.680s] copying package.xml -> /home/sultan/ros_labs/super_sultan_ros_labs/lab_03_launch_params/ros2_ws/install/super_sultan_launch_pkg/share/super_sultan_launch_pkg
[0.680s] creating /home/sultan/ros_labs/super_sultan_ros_labs/lab_03_launch_params/ros2_ws/install/super_sultan_launch_pkg/share/super_sultan_launch_pkg/launch
[0.680s] copying launch/robot_system.launch.py -> /home/sultan/ros_labs/super_sultan_ros_labs/lab_03_launch_params/ros2_ws/install/super_sultan_launch_pkg/share/super_sultan_launch_pkg/launch
[0.680s] running install_egg_info
[0.692s] Copying ../../build/super_sultan_launch_pkg/super_sultan_launch_pkg.egg-info to /home/sultan/ros_labs/super_sultan_ros_labs/lab_03_launch_params/ros2_ws/install/super_sultan_launch_pkg/lib/python3.12/site-packages/super_sultan_launch_pkg-0.0.0-py3.12.egg-info
[0.692s] running install_scripts
[0.767s] Installing even_number_publisher script to /home/sultan/ros_labs/super_sultan_ros_labs/lab_03_launch_params/ros2_ws/install/super_sultan_launch_pkg/lib/super_sultan_launch_pkg
[0.768s] Installing overflow_listener script to /home/sultan/ros_labs/super_sultan_ros_labs/lab_03_launch_params/ros2_ws/install/super_sultan_launch_pkg/lib/super_sultan_launch_pkg
[0.768s] writing list of installed files to '/home/sultan/ros_labs/super_sultan_ros_labs/lab_03_launch_params/ros2_ws/build/super_sultan_launch_pkg/install.log'
[0.787s] Invoked command in '/home/sultan/ros_labs/super_sultan_ros_labs/lab_03_launch_params/ros2_ws/src/super_sultan_launch_pkg' returned '0': DEBUGINFOD_URLS=https://debuginfod.ubuntu.com PYTHONPATH=/home/sultan/ros_labs/super_sultan_ros_labs/lab_03_launch_params/ros2_ws/build/super_sultan_launch_pkg/prefix_override:/usr/lib/python3/dist-packages/colcon_core/task/python/colcon_distutils_commands:/home/sultan/ros_labs/super_sultan_ros_labs/lab_03_launch_params/ros2_ws/install/super_sultan_launch_pkg/lib/python3.12/site-packages:${PYTHONPATH} /usr/bin/python3 -W ignore:setup.py install is deprecated -W ignore:easy_install command is deprecated setup.py egg_info --egg-base ../../build/super_sultan_launch_pkg build --build-base /home/sultan/ros_labs/super_sultan_ros_labs/lab_03_launch_params/ros2_ws/build/super_sultan_launch_pkg/build install --record /home/sultan/ros_labs/super_sultan_ros_labs/lab_03_launch_params/ros2_ws/build/super_sultan_launch_pkg/install.log --single-version-externally-managed install_data
